<?xml version="1.0" encoding="UTF-8"?>
<testsuite xmlns:xsi="http://www.w3.org/2001/XMLSchema-instance" xsi:noNamespaceSchemaLocation="https://maven.apache.org/surefire/maven-surefire-plugin/xsd/surefire-test-report-3.0.xsd" version="3.0" name="TestSuite" time="13.266" tests="4" errors="0" skipped="0" failures="1">
  <properties>
[...]
</properties>
  <testcase name="tc_01_login" classname="saucedemo.com.RunTests.LoginTestNG" time="2.317">
    <system-err><![CDATA[Starting ChromeDriver 102.0.5005.61 (0e59bcc00cc4985ce39ad31c150065f159d95ad3-refs/branch-heads/5005@{#819}) on port 57353
Only local connections are allowed.
Please see https://chromedriver.chromium.org/security-considerations for suggestions on keeping ChromeDriver safe.
ChromeDriver was started successfully.
июн 19, 2022 1:54:44 AM org.openqa.selenium.remote.ProtocolHandshake createSession
INFO: Detected upstream dialect: W3C
июн 19, 2022 1:54:44 AM org.openqa.selenium.devtools.CdpVersionFinder findNearestMatch
INFO: Found exact CDP implementation for version 102
]]></system-err>
  </testcase>
  <testcase name="tc_02_login" classname="saucedemo.com.RunTests.LoginTestNG" time="2.256"/>
  <testcase name="tc_03_login" classname="saucedemo.com.RunTests.LoginTestNG" time="0.19">
    <failure message="expected [Epic sadface: Password is incorrect] but found [Epic sadface: Username and password do not match any user in this service]" type="java.lang.AssertionError"><![CDATA[java.lang.AssertionError: expected [Epic sadface: Password is incorrect] but found [Epic sadface: Username and password do not match any user in this service]
	at saucedemo.com.RunTests.LoginTestNG.tc_03_login(LoginTestNG.java:81)
]]></failure>
  </testcase>
  <testcase name="tc_04_login" classname="saucedemo.com.RunTests.LoginTestNG" time="2.271"/>
</testsuite>